<?xml version="1.0" encoding="UTF-8"?>
<!-- Generated by org.testng.reporters.JUnitReportReporter -->
<testsuite hostname="DESKTOP-P0JVIMA" failures="0" tests="2" name="vtigerPractice.Demo" time="0.016" errors="0" timestamp="2021-08-20T00:18:06 IST" skipped="0">
  <testcase classname="vtigerPractice.Demo" name="add" time="0.012"/>
  <system-out/>
  <testcase classname="vtigerPractice.Demo" name="addstatement" time="0.004"/>
  <system-out/>
</testsuite> <!-- vtigerPractice.Demo -->
