<?xml version="1.0" encoding="UTF-8"?>
<!-- Generated by org.testng.reporters.JUnitReportReporter -->
<testsuite hostname="DESKTOP-P0JVIMA" failures="0" tests="2" name="vtigerPractice.CreateOrg" time="25.238" errors="0" timestamp="2021-08-25T14:37:16 IST" skipped="0">
  <testcase classname="vtigerPractice.CreateOrg" name="OrganizationTest" time="14.308"/>
  <system-out/>
  <testcase classname="vtigerPractice.CreateOrg" name="CreateOrgTest" time="10.930"/>
  <system-out/>
</testsuite> <!-- vtigerPractice.CreateOrg -->
