<?xml version="1.0" encoding="UTF-8"?>
<!-- Generated by org.testng.reporters.JUnitReportReporter -->
<testsuite hostname="DESKTOP-P0JVIMA" failures="0" tests="1" name="vtigerPractice.CreateLead" time="0.027" errors="0" timestamp="2021-08-24T16:54:40 IST" skipped="0">
  <testcase classname="vtigerPractice.CreateLead" name="CreateLeadTest" time="0.027"/>
  <system-out/>
</testsuite> <!-- vtigerPractice.CreateLead -->
