<?xml version="1.0" encoding="UTF-8"?>
<!-- Generated by org.testng.reporters.JUnitReportReporter -->
<testsuite hostname="DESKTOP-P0JVIMA" failures="0" tests="1" name="com.vtiger.comcast.leadtest.LeadtoOppertunitiesTC_31" time="79.811" errors="0" timestamp="2021-08-27T15:22:17 IST" skipped="0">
  <testcase classname="com.vtiger.comcast.leadtest.LeadtoOppertunitiesTC_31" name="LeadtoOppertunitiesTC_31Test" time="79.811"/>
  <system-out/>
</testsuite> <!-- com.vtiger.comcast.leadtest.LeadtoOppertunitiesTC_31 -->
