<?xml version="1.0" encoding="UTF-8"?>
<!-- Generated by org.testng.reporters.JUnitReportReporter -->
<testsuite hostname="DESKTOP-P0JVIMA" failures="0" tests="1" name="com.vtiger.comcast.leadtest.LeadtoOppertunitiesTC_32" time="85.497" errors="0" timestamp="2021-08-25T22:45:14 IST" skipped="0">
  <testcase classname="com.vtiger.comcast.leadtest.LeadtoOppertunitiesTC_32" name="LeadtoOppertunitiesTL_32Test" time="85.497"/>
  <system-out/>
</testsuite> <!-- com.vtiger.comcast.leadtest.LeadtoOppertunitiesTC_32 -->
